<?xml version="1.0" encoding="UTF-8"?>
<!-- Generated by org.testng.reporters.JUnitReportReporter -->
<testsuite hostname="COL011018050" name="jenkinsDem.JenkinsDemo" tests="1" failures="0" timestamp="27 Jan 2020 12:11:17 GMT" time="0.008" errors="0">
  <testcase name="TestJenkins" time="0.008" classname="jenkinsDem.JenkinsDemo"/>
</testsuite> <!-- jenkinsDem.JenkinsDemo -->
